Vivado Simulator 2019.2
Copyright 1986-1999, 2001-2019 Xilinx, Inc. All Rights Reserved.
Running: C:/Xilinx/Vivado/2019.2/bin/unwrapped/win64.o/xelab.exe -wto d2a6b1d98ee74399abdfda590071f0a0 --incr --debug typical --relax --mt 2 -L xil_defaultlib -L unisims_ver -L unimacro_ver -L secureip --snapshot tb_CYBERcobra_behav xil_defaultlib.tb_CYBERcobra xil_defaultlib.glbl -log elaborate.log 
Using 2 slave threads.
Starting static elaboration
Pass Through NonSizing Optimizer
WARNING: [VRFC 10-3091] actual bit length 32 differs from formal bit length 1 for port 'Pin' [C:/Users/8200622/labs/labs.srcs/sources_1/new/CYBERcobra.v:26]
WARNING: [VRFC 10-3091] actual bit length 32 differs from formal bit length 1 for port 'Pin' [C:/Users/8200622/labs/labs.srcs/sources_1/new/ALU.v:15]
Completed static elaboration
Starting simulation data flow analysis
WARNING: [XSIM 43-4099] "C:/Users/8200622/labs/labs.srcs/sources_1/new/fulladder32.v" Line 1. Module fulladder32 doesn't have a timescale but at least one module in design has a timescale.
WARNING: [XSIM 43-4099] "C:/Users/8200622/labs/labs.srcs/sources_1/new/fulladder4.v" Line 1. Module fulladder4 doesn't have a timescale but at least one module in design has a timescale.
WARNING: [XSIM 43-4099] "C:/Users/8200622/labs/labs.srcs/sources_1/new/fulladder.v" Line 1. Module fulladder doesn't have a timescale but at least one module in design has a timescale.
WARNING: [XSIM 43-4099] "C:/Users/8200622/labs/labs.srcs/sources_1/new/fulladder.v" Line 1. Module fulladder doesn't have a timescale but at least one module in design has a timescale.
WARNING: [XSIM 43-4099] "C:/Users/8200622/labs/labs.srcs/sources_1/new/fulladder.v" Line 1. Module fulladder doesn't have a timescale but at least one module in design has a timescale.
WARNING: [XSIM 43-4099] "C:/Users/8200622/labs/labs.srcs/sources_1/new/fulladder.v" Line 1. Module fulladder doesn't have a timescale but at least one module in design has a timescale.
WARNING: [XSIM 43-4099] "C:/Users/8200622/labs/labs.srcs/sources_1/new/fulladder4.v" Line 1. Module fulladder4 doesn't have a timescale but at least one module in design has a timescale.
WARNING: [XSIM 43-4099] "C:/Users/8200622/labs/labs.srcs/sources_1/new/fulladder.v" Line 1. Module fulladder doesn't have a timescale but at least one module in design has a timescale.
WARNING: [XSIM 43-4099] "C:/Users/8200622/labs/labs.srcs/sources_1/new/fulladder.v" Line 1. Module fulladder doesn't have a timescale but at least one module in design has a timescale.
WARNING: [XSIM 43-4099] "C:/Users/8200622/labs/labs.srcs/sources_1/new/fulladder.v" Line 1. Module fulladder doesn't have a timescale but at least one module in design has a timescale.
WARNING: [XSIM 43-4099] "C:/Users/8200622/labs/labs.srcs/sources_1/new/fulladder.v" Line 1. Module fulladder doesn't have a timescale but at least one module in design has a timescale.
WARNING: [XSIM 43-4099] "C:/Users/8200622/labs/labs.srcs/sources_1/new/fulladder4.v" Line 1. Module fulladder4 doesn't have a timescale but at least one module in design has a timescale.
WARNING: [XSIM 43-4099] "C:/Users/8200622/labs/labs.srcs/sources_1/new/fulladder.v" Line 1. Module fulladder doesn't have a timescale but at least one module in design has a timescale.
WARNING: [XSIM 43-4099] "C:/Users/8200622/labs/labs.srcs/sources_1/new/fulladder.v" Line 1. Module fulladder doesn't have a timescale but at least one module in design has a timescale.
WARNING: [XSIM 43-4099] "C:/Users/8200622/labs/labs.srcs/sources_1/new/fulladder.v" Line 1. Module fulladder doesn't have a timescale but at least one module in design has a timescale.
WARNING: [XSIM 43-4099] "C:/Users/8200622/labs/labs.srcs/sources_1/new/fulladder.v" Line 1. Module fulladder doesn't have a timescale but at least one module in design has a timescale.
WARNING: [XSIM 43-4099] "C:/Users/8200622/labs/labs.srcs/sources_1/new/fulladder4.v" Line 1. Module fulladder4 doesn't have a timescale but at least one module in design has a timescale.
WARNING: [XSIM 43-4099] "C:/Users/8200622/labs/labs.srcs/sources_1/new/fulladder.v" Line 1. Module fulladder doesn't have a timescale but at least one module in design has a timescale.
WARNING: [XSIM 43-4099] "C:/Users/8200622/labs/labs.srcs/sources_1/new/fulladder.v" Line 1. Module fulladder doesn't have a timescale but at least one module in design has a timescale.
WARNING: [XSIM 43-4099] "C:/Users/8200622/labs/labs.srcs/sources_1/new/fulladder.v" Line 1. Module fulladder doesn't have a timescale but at least one module in design has a timescale.
WARNING: [XSIM 43-4099] "C:/Users/8200622/labs/labs.srcs/sources_1/new/fulladder.v" Line 1. Module fulladder doesn't have a timescale but at least one module in design has a timescale.
WARNING: [XSIM 43-4099] "C:/Users/8200622/labs/labs.srcs/sources_1/new/fulladder4.v" Line 1. Module fulladder4 doesn't have a timescale but at least one module in design has a timescale.
WARNING: [XSIM 43-4099] "C:/Users/8200622/labs/labs.srcs/sources_1/new/fulladder.v" Line 1. Module fulladder doesn't have a timescale but at least one module in design has a timescale.
WARNING: [XSIM 43-4099] "C:/Users/8200622/labs/labs.srcs/sources_1/new/fulladder.v" Line 1. Module fulladder doesn't have a timescale but at least one module in design has a timescale.
WARNING: [XSIM 43-4099] "C:/Users/8200622/labs/labs.srcs/sources_1/new/fulladder.v" Line 1. Module fulladder doesn't have a timescale but at least one module in design has a timescale.
WARNING: [XSIM 43-4099] "C:/Users/8200622/labs/labs.srcs/sources_1/new/fulladder.v" Line 1. Module fulladder doesn't have a timescale but at least one module in design has a timescale.
WARNING: [XSIM 43-4099] "C:/Users/8200622/labs/labs.srcs/sources_1/new/fulladder4.v" Line 1. Module fulladder4 doesn't have a timescale but at least one module in design has a timescale.
WARNING: [XSIM 43-4099] "C:/Users/8200622/labs/labs.srcs/sources_1/new/fulladder.v" Line 1. Module fulladder doesn't have a timescale but at least one module in design has a timescale.
WARNING: [XSIM 43-4099] "C:/Users/8200622/labs/labs.srcs/sources_1/new/fulladder.v" Line 1. Module fulladder doesn't have a timescale but at least one module in design has a timescale.
WARNING: [XSIM 43-4099] "C:/Users/8200622/labs/labs.srcs/sources_1/new/fulladder.v" Line 1. Module fulladder doesn't have a timescale but at least one module in design has a timescale.
WARNING: [XSIM 43-4099] "C:/Users/8200622/labs/labs.srcs/sources_1/new/fulladder.v" Line 1. Module fulladder doesn't have a timescale but at least one module in design has a timescale.
WARNING: [XSIM 43-4099] "C:/Users/8200622/labs/labs.srcs/sources_1/new/fulladder4.v" Line 1. Module fulladder4 doesn't have a timescale but at least one module in design has a timescale.
WARNING: [XSIM 43-4099] "C:/Users/8200622/labs/labs.srcs/sources_1/new/fulladder.v" Line 1. Module fulladder doesn't have a timescale but at least one module in design has a timescale.
WARNING: [XSIM 43-4099] "C:/Users/8200622/labs/labs.srcs/sources_1/new/fulladder.v" Line 1. Module fulladder doesn't have a timescale but at least one module in design has a timescale.
WARNING: [XSIM 43-4099] "C:/Users/8200622/labs/labs.srcs/sources_1/new/fulladder.v" Line 1. Module fulladder doesn't have a timescale but at least one module in design has a timescale.
WARNING: [XSIM 43-4099] "C:/Users/8200622/labs/labs.srcs/sources_1/new/fulladder.v" Line 1. Module fulladder doesn't have a timescale but at least one module in design has a timescale.
WARNING: [XSIM 43-4099] "C:/Users/8200622/labs/labs.srcs/sources_1/new/fulladder4.v" Line 1. Module fulladder4 doesn't have a timescale but at least one module in design has a timescale.
WARNING: [XSIM 43-4099] "C:/Users/8200622/labs/labs.srcs/sources_1/new/fulladder.v" Line 1. Module fulladder doesn't have a timescale but at least one module in design has a timescale.
WARNING: [XSIM 43-4099] "C:/Users/8200622/labs/labs.srcs/sources_1/new/fulladder.v" Line 1. Module fulladder doesn't have a timescale but at least one module in design has a timescale.
WARNING: [XSIM 43-4099] "C:/Users/8200622/labs/labs.srcs/sources_1/new/fulladder.v" Line 1. Module fulladder doesn't have a timescale but at least one module in design has a timescale.
WARNING: [XSIM 43-4099] "C:/Users/8200622/labs/labs.srcs/sources_1/new/fulladder.v" Line 1. Module fulladder doesn't have a timescale but at least one module in design has a timescale.
WARNING: [XSIM 43-4099] "C:/Users/8200622/labs/labs.srcs/sources_1/new/fulladder32.v" Line 1. Module fulladder32 doesn't have a timescale but at least one module in design has a timescale.
WARNING: [XSIM 43-4099] "C:/Users/8200622/labs/labs.srcs/sources_1/new/fulladder4.v" Line 1. Module fulladder4 doesn't have a timescale but at least one module in design has a timescale.
WARNING: [XSIM 43-4099] "C:/Users/8200622/labs/labs.srcs/sources_1/new/fulladder.v" Line 1. Module fulladder doesn't have a timescale but at least one module in design has a timescale.
WARNING: [XSIM 43-4099] "C:/Users/8200622/labs/labs.srcs/sources_1/new/fulladder.v" Line 1. Module fulladder doesn't have a timescale but at least one module in design has a timescale.
WARNING: [XSIM 43-4099] "C:/Users/8200622/labs/labs.srcs/sources_1/new/fulladder.v" Line 1. Module fulladder doesn't have a timescale but at least one module in design has a timescale.
WARNING: [XSIM 43-4099] "C:/Users/8200622/labs/labs.srcs/sources_1/new/fulladder.v" Line 1. Module fulladder doesn't have a timescale but at least one module in design has a timescale.
WARNING: [XSIM 43-4099] "C:/Users/8200622/labs/labs.srcs/sources_1/new/fulladder4.v" Line 1. Module fulladder4 doesn't have a timescale but at least one module in design has a timescale.
WARNING: [XSIM 43-4099] "C:/Users/8200622/labs/labs.srcs/sources_1/new/fulladder.v" Line 1. Module fulladder doesn't have a timescale but at least one module in design has a timescale.
WARNING: [XSIM 43-4099] "C:/Users/8200622/labs/labs.srcs/sources_1/new/fulladder.v" Line 1. Module fulladder doesn't have a timescale but at least one module in design has a timescale.
WARNING: [XSIM 43-4099] "C:/Users/8200622/labs/labs.srcs/sources_1/new/fulladder.v" Line 1. Module fulladder doesn't have a timescale but at least one module in design has a timescale.
WARNING: [XSIM 43-4099] "C:/Users/8200622/labs/labs.srcs/sources_1/new/fulladder.v" Line 1. Module fulladder doesn't have a timescale but at least one module in design has a timescale.
WARNING: [XSIM 43-4099] "C:/Users/8200622/labs/labs.srcs/sources_1/new/fulladder4.v" Line 1. Module fulladder4 doesn't have a timescale but at least one module in design has a timescale.
WARNING: [XSIM 43-4099] "C:/Users/8200622/labs/labs.srcs/sources_1/new/fulladder.v" Line 1. Module fulladder doesn't have a timescale but at least one module in design has a timescale.
WARNING: [XSIM 43-4099] "C:/Users/8200622/labs/labs.srcs/sources_1/new/fulladder.v" Line 1. Module fulladder doesn't have a timescale but at least one module in design has a timescale.
WARNING: [XSIM 43-4099] "C:/Users/8200622/labs/labs.srcs/sources_1/new/fulladder.v" Line 1. Module fulladder doesn't have a timescale but at least one module in design has a timescale.
WARNING: [XSIM 43-4099] "C:/Users/8200622/labs/labs.srcs/sources_1/new/fulladder.v" Line 1. Module fulladder doesn't have a timescale but at least one module in design has a timescale.
WARNING: [XSIM 43-4099] "C:/Users/8200622/labs/labs.srcs/sources_1/new/fulladder4.v" Line 1. Module fulladder4 doesn't have a timescale but at least one module in design has a timescale.
WARNING: [XSIM 43-4099] "C:/Users/8200622/labs/labs.srcs/sources_1/new/fulladder.v" Line 1. Module fulladder doesn't have a timescale but at least one module in design has a timescale.
WARNING: [XSIM 43-4099] "C:/Users/8200622/labs/labs.srcs/sources_1/new/fulladder.v" Line 1. Module fulladder doesn't have a timescale but at least one module in design has a timescale.
WARNING: [XSIM 43-4099] "C:/Users/8200622/labs/labs.srcs/sources_1/new/fulladder.v" Line 1. Module fulladder doesn't have a timescale but at least one module in design has a timescale.
WARNING: [XSIM 43-4099] "C:/Users/8200622/labs/labs.srcs/sources_1/new/fulladder.v" Line 1. Module fulladder doesn't have a timescale but at least one module in design has a timescale.
WARNING: [XSIM 43-4099] "C:/Users/8200622/labs/labs.srcs/sources_1/new/fulladder4.v" Line 1. Module fulladder4 doesn't have a timescale but at least one module in design has a timescale.
WARNING: [XSIM 43-4099] "C:/Users/8200622/labs/labs.srcs/sources_1/new/fulladder.v" Line 1. Module fulladder doesn't have a timescale but at least one module in design has a timescale.
WARNING: [XSIM 43-4099] "C:/Users/8200622/labs/labs.srcs/sources_1/new/fulladder.v" Line 1. Module fulladder doesn't have a timescale but at least one module in design has a timescale.
WARNING: [XSIM 43-4099] "C:/Users/8200622/labs/labs.srcs/sources_1/new/fulladder.v" Line 1. Module fulladder doesn't have a timescale but at least one module in design has a timescale.
WARNING: [XSIM 43-4099] "C:/Users/8200622/labs/labs.srcs/sources_1/new/fulladder.v" Line 1. Module fulladder doesn't have a timescale but at least one module in design has a timescale.
WARNING: [XSIM 43-4099] "C:/Users/8200622/labs/labs.srcs/sources_1/new/fulladder4.v" Line 1. Module fulladder4 doesn't have a timescale but at least one module in design has a timescale.
WARNING: [XSIM 43-4099] "C:/Users/8200622/labs/labs.srcs/sources_1/new/fulladder.v" Line 1. Module fulladder doesn't have a timescale but at least one module in design has a timescale.
WARNING: [XSIM 43-4099] "C:/Users/8200622/labs/labs.srcs/sources_1/new/fulladder.v" Line 1. Module fulladder doesn't have a timescale but at least one module in design has a timescale.
WARNING: [XSIM 43-4099] "C:/Users/8200622/labs/labs.srcs/sources_1/new/fulladder.v" Line 1. Module fulladder doesn't have a timescale but at least one module in design has a timescale.
WARNING: [XSIM 43-4099] "C:/Users/8200622/labs/labs.srcs/sources_1/new/fulladder.v" Line 1. Module fulladder doesn't have a timescale but at least one module in design has a timescale.
WARNING: [XSIM 43-4099] "C:/Users/8200622/labs/labs.srcs/sources_1/new/fulladder4.v" Line 1. Module fulladder4 doesn't have a timescale but at least one module in design has a timescale.
WARNING: [XSIM 43-4099] "C:/Users/8200622/labs/labs.srcs/sources_1/new/fulladder.v" Line 1. Module fulladder doesn't have a timescale but at least one module in design has a timescale.
WARNING: [XSIM 43-4099] "C:/Users/8200622/labs/labs.srcs/sources_1/new/fulladder.v" Line 1. Module fulladder doesn't have a timescale but at least one module in design has a timescale.
WARNING: [XSIM 43-4099] "C:/Users/8200622/labs/labs.srcs/sources_1/new/fulladder.v" Line 1. Module fulladder doesn't have a timescale but at least one module in design has a timescale.
WARNING: [XSIM 43-4099] "C:/Users/8200622/labs/labs.srcs/sources_1/new/fulladder.v" Line 1. Module fulladder doesn't have a timescale but at least one module in design has a timescale.
WARNING: [XSIM 43-4099] "C:/Users/8200622/labs/labs.srcs/sources_1/new/fulladder4.v" Line 1. Module fulladder4 doesn't have a timescale but at least one module in design has a timescale.
WARNING: [XSIM 43-4099] "C:/Users/8200622/labs/labs.srcs/sources_1/new/fulladder.v" Line 1. Module fulladder doesn't have a timescale but at least one module in design has a timescale.
WARNING: [XSIM 43-4099] "C:/Users/8200622/labs/labs.srcs/sources_1/new/fulladder.v" Line 1. Module fulladder doesn't have a timescale but at least one module in design has a timescale.
WARNING: [XSIM 43-4099] "C:/Users/8200622/labs/labs.srcs/sources_1/new/fulladder.v" Line 1. Module fulladder doesn't have a timescale but at least one module in design has a timescale.
WARNING: [XSIM 43-4099] "C:/Users/8200622/labs/labs.srcs/sources_1/new/fulladder.v" Line 1. Module fulladder doesn't have a timescale but at least one module in design has a timescale.
Completed simulation data flow analysis
Time Resolution for simulation is 1ps
Compiling module xil_defaultlib.instr_mem
Compiling module xil_defaultlib.fulladder
Compiling module xil_defaultlib.fulladder4
Compiling module xil_defaultlib.fulladder32
Compiling module xil_defaultlib.rf_riscv
Compiling module xil_defaultlib.alu_riscv
Compiling module xil_defaultlib.CYBERcobra
Compiling module xil_defaultlib.tb_CYBERcobra
Compiling module xil_defaultlib.glbl
Built simulation snapshot tb_CYBERcobra_behav
